Using pre-set license
Built from '2020.3/staging' branch; Version is '2020.3.0f1 (c7b5465681fb) revision 13088070'; Using compiler version '192528614'; Build Type 'Release'
OS: 'Windows 10 Pro; OS build 19041.867; Version 2004; 64bit' Language: 'ru' Physical Memory: 16335 MB
BatchMode: 1, IsHumanControllingUs: 0, StartBugReporterOnCrash: 0, Is64bit: 1, IsPro: 0

 COMMAND LINE ARGUMENTS:
C:\Program Files\Unity\Hub\Editor\2020.3.0f1\Editor\Unity.exe
-adb2
-batchMode
-noUpm
-name
AssetImportWorker0
-projectPath
C:/Users/adrez/Desktop/Games/Dungeon-Master/DungeonMaster
-logFile
Logs/AssetImportWorker0.log
-srvPort
63102
Successfully changed project path to: C:/Users/adrez/Desktop/Games/Dungeon-Master/DungeonMaster
C:/Users/adrez/Desktop/Games/Dungeon-Master/DungeonMaster
Using Asset Import Pipeline V2.
Refreshing native plugins compatible for Editor in 38.43 ms, found 1 plugins.
Preloading 0 native plugins for Editor in 0.00 ms.
Initialize engine version: 2020.3.0f1 (c7b5465681fb)
[Subsystems] Discovering subsystems at path C:/Program Files/Unity/Hub/Editor/2020.3.0f1/Editor/Data/Resources/UnitySubsystems
[Subsystems] Discovering subsystems at path C:/Users/adrez/Desktop/Games/Dungeon-Master/DungeonMaster/Assets
GfxDevice: creating device client; threaded=0
Direct3D:
    Version:  Direct3D 11.0 [level 11.1]
    Renderer: NVIDIA GeForce GTX 1060 6GB (ID=0x1c03)
    Vendor:   
    VRAM:     6052 MB
    Driver:   27.21.14.6089
Initialize mono
Mono path[0] = 'C:/Program Files/Unity/Hub/Editor/2020.3.0f1/Editor/Data/Managed'
Mono path[1] = 'C:/Program Files/Unity/Hub/Editor/2020.3.0f1/Editor/Data/MonoBleedingEdge/lib/mono/unityjit'
Mono config path = 'C:/Program Files/Unity/Hub/Editor/2020.3.0f1/Editor/Data/MonoBleedingEdge/etc'
Using monoOptions --debugger-agent=transport=dt_socket,embedding=1,server=y,suspend=n,address=127.0.0.1:56152
Begin MonoManager ReloadAssembly
Registering precompiled unity dll's ...
Register platform support module: C:/Program Files/Unity/Hub/Editor/2020.3.0f1/Editor/Data/PlaybackEngines/WindowsStandaloneSupport/UnityEditor.WindowsStandalone.Extensions.dll
Registered in 0.001992 seconds.
Native extension for WindowsStandalone target not found
Refreshing native plugins compatible for Editor in 36.38 ms, found 1 plugins.
Preloading 0 native plugins for Editor in 0.00 ms.
Invoked RoslynAnalysisRunner static constructor.
RoslynAnalysisRunner will not be running.
RoslynAnalysisRunner has terminated.
Mono: successfully reloaded assembly
- Completed reload, in  0.998 seconds
Platform modules already initialized, skipping
Registering precompiled user dll's ...
Registered in 0.000929 seconds.
Begin MonoManager ReloadAssembly
Native extension for WindowsStandalone target not found
Refreshing native plugins compatible for Editor in 36.42 ms, found 1 plugins.
Preloading 0 native plugins for Editor in 0.00 ms.
Invoked RoslynAnalysisRunner static constructor.
RoslynAnalysisRunner will not be running.
RoslynAnalysisRunner has terminated.
Mono: successfully reloaded assembly
- Completed reload, in  0.870 seconds
Platform modules already initialized, skipping
========================================================================
Worker process is ready to serve import requests
Launched and connected shader compiler UnityShaderCompiler.exe after 0.04 seconds
Refreshing native plugins compatible for Editor in 0.36 ms, found 1 plugins.
Preloading 0 native plugins for Editor in 0.00 ms.
Unloading 1807 Unused Serialized files (Serialized files now loaded: 0)
System memory in use before: 84.6 MB.
System memory in use after: 84.6 MB.

Unloading 24 unused Assets to reduce memory usage. Loaded Objects now: 2250.
Total: 2.039500 ms (FindLiveObjects: 0.190900 ms CreateObjectMapping: 0.177400 ms MarkObjects: 1.556100 ms  DeleteObjects: 0.114400 ms)

========================================================================
Received Import Request.
  path: Assets/map/overworld_tileset_grass.png
  artifactKey: Guid(cfe32827707f27242a5dde6e606abca8) Importer(815301076,1909f56bfc062723c751e8b465ee728b)
Start importing Assets/map/overworld_tileset_grass.png using Guid(cfe32827707f27242a5dde6e606abca8) Importer(815301076,1909f56bfc062723c751e8b465ee728b)  -> (artifact id: '363d5e743527baac69284fe71802b961') in 0.218143 seconds
  Import took 0.221388 seconds .

========================================================================
Received Import Request.
  Time since last request: 0.000310 seconds.
  path: Assets/map/Tileset.png
  artifactKey: Guid(47be71fb7fc81a6429dc9ad5a7e8c034) Importer(815301076,1909f56bfc062723c751e8b465ee728b)
Start importing Assets/map/Tileset.png using Guid(47be71fb7fc81a6429dc9ad5a7e8c034) Importer(815301076,1909f56bfc062723c751e8b465ee728b)  -> (artifact id: '4bf4bb1b8b3b9d7dcb57df50a09a1461') in 0.104325 seconds
  Import took 0.107396 seconds .

========================================================================
Received Prepare
Registering precompiled user dll's ...
Registered in 0.001034 seconds.
Begin MonoManager ReloadAssembly
Native extension for WindowsStandalone target not found
Refreshing native plugins compatible for Editor in 0.38 ms, found 1 plugins.
Preloading 0 native plugins for Editor in 0.00 ms.
Invoked RoslynAnalysisRunner static constructor.
RoslynAnalysisRunner will not be running.
RoslynAnalysisRunner has terminated.
Mono: successfully reloaded assembly
- Completed reload, in  0.827 seconds
Platform modules already initialized, skipping
Refreshing native plugins compatible for Editor in 0.59 ms, found 1 plugins.
Preloading 0 native plugins for Editor in 0.00 ms.
Unloading 1802 Unused Serialized files (Serialized files now loaded: 0)
System memory in use before: 87.8 MB.
System memory in use after: 87.8 MB.

Unloading 12 unused Assets to reduce memory usage. Loaded Objects now: 2304.
Total: 1.884300 ms (FindLiveObjects: 0.164200 ms CreateObjectMapping: 0.071700 ms MarkObjects: 1.558100 ms  DeleteObjects: 0.089500 ms)

========================================================================
Received Import Request.
  Time since last request: 218.168134 seconds.
  path: Assets/map/overworld_tileset_grass.png
  artifactKey: Guid(cfe32827707f27242a5dde6e606abca8) Importer(815301076,1909f56bfc062723c751e8b465ee728b)
Start importing Assets/map/overworld_tileset_grass.png using Guid(cfe32827707f27242a5dde6e606abca8) Importer(815301076,1909f56bfc062723c751e8b465ee728b)  -> (artifact id: 'cb58b39f4529f8b9a3bef1c4cf6e77b1') in 0.170887 seconds
  Import took 0.174164 seconds .

========================================================================
Received Import Request.
  Time since last request: 13.641984 seconds.
  path: Assets/map/overworld_tileset_grass.png
  artifactKey: Guid(cfe32827707f27242a5dde6e606abca8) Importer(815301076,1909f56bfc062723c751e8b465ee728b)
Start importing Assets/map/overworld_tileset_grass.png using Guid(cfe32827707f27242a5dde6e606abca8) Importer(815301076,1909f56bfc062723c751e8b465ee728b)  -> (artifact id: 'fafe54e98e00910fc4245c68c85f6044') in 0.227271 seconds
  Import took 0.231037 seconds .

========================================================================
Received Import Request.
  Time since last request: 11.291737 seconds.
  path: Assets/map/overworld_tileset_grass.png
  artifactKey: Guid(cfe32827707f27242a5dde6e606abca8) Importer(815301076,1909f56bfc062723c751e8b465ee728b)
Start importing Assets/map/overworld_tileset_grass.png using Guid(cfe32827707f27242a5dde6e606abca8) Importer(815301076,1909f56bfc062723c751e8b465ee728b)  -> (artifact id: 'eb90cf2af12f410178ae670638562abb') in 0.160727 seconds
  Import took 0.165843 seconds .

========================================================================
Received Import Request.
  Time since last request: 12.431179 seconds.
  path: Assets/map/overworld_tileset_grass.png
  artifactKey: Guid(cfe32827707f27242a5dde6e606abca8) Importer(815301076,1909f56bfc062723c751e8b465ee728b)
Start importing Assets/map/overworld_tileset_grass.png using Guid(cfe32827707f27242a5dde6e606abca8) Importer(815301076,1909f56bfc062723c751e8b465ee728b)  -> (artifact id: 'e513c1e7ba91331a7c34d47627afbc3d') in 0.126511 seconds
  Import took 0.130399 seconds .

========================================================================
Received Import Request.
  Time since last request: 13.958222 seconds.
  path: Assets/map/overworld_tileset_grass.png
  artifactKey: Guid(cfe32827707f27242a5dde6e606abca8) Importer(815301076,1909f56bfc062723c751e8b465ee728b)
Start importing Assets/map/overworld_tileset_grass.png using Guid(cfe32827707f27242a5dde6e606abca8) Importer(815301076,1909f56bfc062723c751e8b465ee728b)  -> (artifact id: '612ab9f7b20a6a7b024f9050be9af2ad') in 0.200410 seconds
  Import took 0.203880 seconds .

========================================================================
Received Import Request.
  Time since last request: 6.432863 seconds.
  path: Assets/map/overworld_tileset_grass.png
  artifactKey: Guid(cfe32827707f27242a5dde6e606abca8) Importer(815301076,1909f56bfc062723c751e8b465ee728b)
Start importing Assets/map/overworld_tileset_grass.png using Guid(cfe32827707f27242a5dde6e606abca8) Importer(815301076,1909f56bfc062723c751e8b465ee728b)  -> (artifact id: '4f36c64be45bbbfbbc01a3912b2af024') in 0.128962 seconds
  Import took 0.132361 seconds .

========================================================================
Received Import Request.
  Time since last request: 6.832207 seconds.
  path: Assets/map/overworld_tileset_grass.png
  artifactKey: Guid(cfe32827707f27242a5dde6e606abca8) Importer(815301076,1909f56bfc062723c751e8b465ee728b)
Start importing Assets/map/overworld_tileset_grass.png using Guid(cfe32827707f27242a5dde6e606abca8) Importer(815301076,1909f56bfc062723c751e8b465ee728b)  -> (artifact id: 'e54b7b8a1a815ec817aa41b2ba2364af') in 0.235696 seconds
  Import took 0.239810 seconds .

========================================================================
Received Import Request.
  Time since last request: 12.493617 seconds.
  path: Assets/map/overworld_tileset_grass.png
  artifactKey: Guid(cfe32827707f27242a5dde6e606abca8) Importer(815301076,1909f56bfc062723c751e8b465ee728b)
Start importing Assets/map/overworld_tileset_grass.png using Guid(cfe32827707f27242a5dde6e606abca8) Importer(815301076,1909f56bfc062723c751e8b465ee728b)  -> (artifact id: '3d41fd58ffcd295b1a6bfc5f2415197b') in 0.160474 seconds
  Import took 0.164264 seconds .

========================================================================
Received Import Request.
  Time since last request: 11.296253 seconds.
  path: Assets/map/overworld_tileset_grass.png
  artifactKey: Guid(cfe32827707f27242a5dde6e606abca8) Importer(815301076,1909f56bfc062723c751e8b465ee728b)
Start importing Assets/map/overworld_tileset_grass.png using Guid(cfe32827707f27242a5dde6e606abca8) Importer(815301076,1909f56bfc062723c751e8b465ee728b)  -> (artifact id: '2cd9b0b24fee780ca498144fe26dc210') in 0.237976 seconds
  Import took 0.241540 seconds .

========================================================================
Received Prepare
Registering precompiled user dll's ...
Registered in 0.001240 seconds.
Begin MonoManager ReloadAssembly
Native extension for WindowsStandalone target not found
Refreshing native plugins compatible for Editor in 0.38 ms, found 1 plugins.
Preloading 0 native plugins for Editor in 0.00 ms.
Invoked RoslynAnalysisRunner static constructor.
RoslynAnalysisRunner will not be running.
RoslynAnalysisRunner has terminated.
Mono: successfully reloaded assembly
- Completed reload, in  1.026 seconds
Platform modules already initialized, skipping
Refreshing native plugins compatible for Editor in 0.46 ms, found 1 plugins.
Preloading 0 native plugins for Editor in 0.00 ms.
Unloading 1802 Unused Serialized files (Serialized files now loaded: 0)
System memory in use before: 87.9 MB.
System memory in use after: 87.9 MB.

Unloading 12 unused Assets to reduce memory usage. Loaded Objects now: 2312.
Total: 2.051400 ms (FindLiveObjects: 0.201200 ms CreateObjectMapping: 0.081100 ms MarkObjects: 1.660400 ms  DeleteObjects: 0.107400 ms)

========================================================================
Received Prepare
Registering precompiled user dll's ...
Registered in 0.001001 seconds.
Begin MonoManager ReloadAssembly
Native extension for WindowsStandalone target not found
Refreshing native plugins compatible for Editor in 0.45 ms, found 1 plugins.
Preloading 0 native plugins for Editor in 0.00 ms.
Invoked RoslynAnalysisRunner static constructor.
RoslynAnalysisRunner will not be running.
RoslynAnalysisRunner has terminated.
Mono: successfully reloaded assembly
- Completed reload, in  0.880 seconds
Platform modules already initialized, skipping
Refreshing native plugins compatible for Editor in 0.36 ms, found 1 plugins.
Preloading 0 native plugins for Editor in 0.00 ms.
Unloading 1802 Unused Serialized files (Serialized files now loaded: 0)
System memory in use before: 87.9 MB.
System memory in use after: 87.9 MB.

Unloading 12 unused Assets to reduce memory usage. Loaded Objects now: 2316.
Total: 1.999900 ms (FindLiveObjects: 0.174400 ms CreateObjectMapping: 0.065200 ms MarkObjects: 1.650000 ms  DeleteObjects: 0.109000 ms)

AssetImportWorkerClient::OnTransportError - code=2 error=End of file
